CRITICAL - 2024-08-05 08:32:47 --> CodeIgniter\Database\Exceptions\DatabaseException: You must use the "set" method to insert an entry.
[Method: POST, Route: Admin/addDebtdata]
in SYSTEMPATH\Database\BaseBuilder.php on line 2367.
 1 SYSTEMPATH\Database\BaseBuilder.php(2307): CodeIgniter\Database\BaseBuilder->validateInsert()
 2 APPPATH\Controllers\Admin.php(26): CodeIgniter\Database\BaseBuilder->insert([])
 3 SYSTEMPATH\CodeIgniter.php(933): App\Controllers\Admin->addDebtdata()
 4 SYSTEMPATH\CodeIgniter.php(509): CodeIgniter\CodeIgniter->runController(Object(App\Controllers\Admin))
 5 SYSTEMPATH\CodeIgniter.php(355): CodeIgniter\CodeIgniter->handleRequest(null, Object(Config\Cache), false)
 6 SYSTEMPATH\Boot.php(312): CodeIgniter\CodeIgniter->run()
 7 SYSTEMPATH\Boot.php(67): CodeIgniter\Boot::runCodeIgniter(Object(CodeIgniter\CodeIgniter))
 8 FCPATH\index.php(56): CodeIgniter\Boot::bootWeb(Object(Config\Paths))
CRITICAL - 2024-08-05 08:34:18 --> CodeIgniter\Database\Exceptions\DatabaseException: You must use the "set" method to insert an entry.
[Method: POST, Route: Admin/addDebtdata]
in SYSTEMPATH\Database\BaseBuilder.php on line 2367.
 1 SYSTEMPATH\Database\BaseBuilder.php(2307): CodeIgniter\Database\BaseBuilder->validateInsert()
 2 APPPATH\Controllers\Admin.php(26): CodeIgniter\Database\BaseBuilder->insert([])
 3 SYSTEMPATH\CodeIgniter.php(933): App\Controllers\Admin->addDebtdata()
 4 SYSTEMPATH\CodeIgniter.php(509): CodeIgniter\CodeIgniter->runController(Object(App\Controllers\Admin))
 5 SYSTEMPATH\CodeIgniter.php(355): CodeIgniter\CodeIgniter->handleRequest(null, Object(Config\Cache), false)
 6 SYSTEMPATH\Boot.php(312): CodeIgniter\CodeIgniter->run()
 7 SYSTEMPATH\Boot.php(67): CodeIgniter\Boot::runCodeIgniter(Object(CodeIgniter\CodeIgniter))
 8 FCPATH\index.php(56): CodeIgniter\Boot::bootWeb(Object(Config\Paths))
CRITICAL - 2024-08-05 08:53:02 --> ErrorException: Undefined property: App\Controllers\Student::$db
[Method: GET, Route: student]
in APPPATH\Controllers\Student.php on line 9.
 1 APPPATH\Controllers\Student.php(9): CodeIgniter\Debug\Exceptions->errorHandler(2, 'Undefined property: App\\Controllers\\Student::$db', 'C:\\xampp\\htdocs\\collagetask\\app\\Controllers\\Student.php', 9)
 2 SYSTEMPATH\CodeIgniter.php(903): App\Controllers\Student->__construct()
 3 SYSTEMPATH\CodeIgniter.php(500): CodeIgniter\CodeIgniter->createController()
 4 SYSTEMPATH\CodeIgniter.php(355): CodeIgniter\CodeIgniter->handleRequest(null, Object(Config\Cache), false)
 5 SYSTEMPATH\Boot.php(312): CodeIgniter\CodeIgniter->run()
 6 SYSTEMPATH\Boot.php(67): CodeIgniter\Boot::runCodeIgniter(Object(CodeIgniter\CodeIgniter))
 7 FCPATH\index.php(56): CodeIgniter\Boot::bootWeb(Object(Config\Paths))
CRITICAL - 2024-08-05 09:46:27 --> ErrorException: Undefined property: App\Controllers\Admin::$StudentTable
[Method: POST, Route: Admin/getStudentDataAdmin]
in APPPATH\Controllers\Admin.php on line 36.
 1 APPPATH\Controllers\Admin.php(36): CodeIgniter\Debug\Exceptions->errorHandler(2, 'Undefined property: App\\Controllers\\Admin::$StudentTable', 'C:\\xampp\\htdocs\\collagetask\\app\\Controllers\\Admin.php', 36)
 2 SYSTEMPATH\CodeIgniter.php(933): App\Controllers\Admin->getStudentDataAdmin()
 3 SYSTEMPATH\CodeIgniter.php(509): CodeIgniter\CodeIgniter->runController(Object(App\Controllers\Admin))
 4 SYSTEMPATH\CodeIgniter.php(355): CodeIgniter\CodeIgniter->handleRequest(null, Object(Config\Cache), false)
 5 SYSTEMPATH\Boot.php(312): CodeIgniter\CodeIgniter->run()
 6 SYSTEMPATH\Boot.php(67): CodeIgniter\Boot::runCodeIgniter(Object(CodeIgniter\CodeIgniter))
 7 FCPATH\index.php(56): CodeIgniter\Boot::bootWeb(Object(Config\Paths))
CRITICAL - 2024-08-05 09:48:43 --> ErrorException: Undefined property: App\Controllers\Admin::$StudentTable
[Method: POST, Route: Admin/getStudentDataAdmin]
in APPPATH\Controllers\Admin.php on line 36.
 1 APPPATH\Controllers\Admin.php(36): CodeIgniter\Debug\Exceptions->errorHandler(2, 'Undefined property: App\\Controllers\\Admin::$StudentTable', 'C:\\xampp\\htdocs\\collagetask\\app\\Controllers\\Admin.php', 36)
 2 SYSTEMPATH\CodeIgniter.php(933): App\Controllers\Admin->getStudentDataAdmin()
 3 SYSTEMPATH\CodeIgniter.php(509): CodeIgniter\CodeIgniter->runController(Object(App\Controllers\Admin))
 4 SYSTEMPATH\CodeIgniter.php(355): CodeIgniter\CodeIgniter->handleRequest(null, Object(Config\Cache), false)
 5 SYSTEMPATH\Boot.php(312): CodeIgniter\CodeIgniter->run()
 6 SYSTEMPATH\Boot.php(67): CodeIgniter\Boot::runCodeIgniter(Object(CodeIgniter\CodeIgniter))
 7 FCPATH\index.php(56): CodeIgniter\Boot::bootWeb(Object(Config\Paths))
